<?xml version="1.0" encoding="UTF-8"?>
<!-- Generated by org.testng.reporters.JUnitXMLReporter -->
<testsuite hostname="DESKTOP-IVAUSET" ignored="0" name="Test" tests="27" failures="0" timestamp="16 Dec 2018 08:50:46 GMT" time="586.299" errors="0">
  <testcase name="verify_multiple_withdraw_successful" time="16.734" classname="tests.WithdrawTest"/>
  <testcase name="verify_withdraw_error_message" time="7.388" classname="tests.WithdrawTest"/>
  <testcase name="verify_withdraw_successful" time="7.172" classname="tests.WithdrawTest"/>
  <testcase name="verify_deposit_successful" time="9.343" classname="tests.DepositTest"/>
  <testcase name="verify_multiple_deposit_successful" time="7.355" classname="tests.DepositTest"/>
  <testcase name="Verify_open_account_message_by_customer_login" time="6.455" classname="tests.CustomerLoginTest"/>
  <testcase name="verify_acc_details" time="5.018" classname="tests.CustomerLoginTest"/>
  <testcase name="verify_customer_successful_login_message" time="4.639" classname="tests.CustomerLoginTest"/>
  <testcase name="verify_diff_currency_type_acc_details" time="10.562" classname="tests.CustomerLoginTest"/>
  <testcase name="verify_same_currency_type_acc_details" time="9.08" classname="tests.CustomerLoginTest"/>
  <testcase name="verify_customer_account_transactions" time="19.985" classname="tests.TransactionsTest"/>
  <testcase name="verify_deposit_withdraw_diff_currency_type_acc_details" time="29.63" classname="tests.TransactionsTest"/>
  <testcase name="verify_reset_transactions" time="97.052" classname="tests.TransactionsTest"/>
  <testcase name="verify_transactions_from_last_10_days" time="53.731" classname="tests.TransactionsTest"/>
  <testcase name="add_customer" time="4.277" classname="tests.AddCustomerTest"/>
  <testcase name="create_same_customer_with_diff_pincode" time="3.589" classname="tests.AddCustomerTest"/>
  <testcase name="duplicate_customer_error_validation" time="3.254" classname="tests.AddCustomerTest"/>
  <testcase name="Create_customer" time="4.058" classname="tests.CustomerListTest"/>
  <testcase name="delete_bulk_customer" time="89.127" classname="tests.CustomerListTest"/>
  <testcase name="delete_customer" time="22.3" classname="tests.CustomerListTest"/>
  <testcase name="delete_customer_using_account_number" time="45.344" classname="tests.CustomerListTest"/>
  <testcase name="validate_customer_details_using_account_number" time="3.423" classname="tests.CustomerListTest"/>
  <testcase name="verify_customer_count_with_same_firstname" time="7.378" classname="tests.CustomerListTest"/>
  <testcase name="verify_customer_count_with_same_lastname" time="7.406" classname="tests.CustomerListTest"/>
  <testcase name="verify_customer_count_with_same_postcode" time="7.63" classname="tests.CustomerListTest"/>
  <testcase name="open_customer_account" time="6.329" classname="tests.OpenAccountTest"/>
  <testcase name="verify_diff_currency_type_acc_details" time="6.736" classname="tests.OpenAccountTest"/>
</testsuite> <!-- Test -->
