<?xml version="1.0" encoding="UTF-8"?>
<!-- Generated by org.testng.reporters.JUnitXMLReporter -->
<testsuite hostname="DESKTOP-IVAUSET" ignored="0" name="Test" tests="27" failures="0" timestamp="16 Dec 2018 11:01:14 GMT" time="603.724" errors="0">
  <testcase name="verify_multiple_withdraw_successful" time="17.104" classname="tests.WithdrawTest"/>
  <testcase name="verify_withdraw_error_message" time="7.028" classname="tests.WithdrawTest"/>
  <testcase name="verify_withdraw_successful" time="7.801" classname="tests.WithdrawTest"/>
  <testcase name="verify_deposit_successful" time="8.965" classname="tests.DepositTest"/>
  <testcase name="verify_multiple_deposit_successful" time="6.768" classname="tests.DepositTest"/>
  <testcase name="Verify_open_account_message_by_customer_login" time="6.682" classname="tests.CustomerLoginTest"/>
  <testcase name="verify_acc_details" time="5.039" classname="tests.CustomerLoginTest"/>
  <testcase name="verify_customer_successful_login_message" time="5.41" classname="tests.CustomerLoginTest"/>
  <testcase name="verify_diff_currency_type_acc_details" time="11.302" classname="tests.CustomerLoginTest"/>
  <testcase name="verify_same_currency_type_acc_details" time="9.966" classname="tests.CustomerLoginTest"/>
  <testcase name="verify_customer_account_transactions" time="21.04" classname="tests.TransactionsTest"/>
  <testcase name="verify_deposit_withdraw_diff_currency_type_acc_details" time="30.684" classname="tests.TransactionsTest"/>
  <testcase name="verify_reset_transactions" time="98.46" classname="tests.TransactionsTest"/>
  <testcase name="verify_transactions_from_last_10_days" time="55.456" classname="tests.TransactionsTest"/>
  <testcase name="add_customer" time="3.481" classname="tests.AddCustomerTest"/>
  <testcase name="create_same_customer_with_diff_pincode" time="3.129" classname="tests.AddCustomerTest"/>
  <testcase name="duplicate_customer_error_validation" time="2.814" classname="tests.AddCustomerTest"/>
  <testcase name="Create_customer" time="3.246" classname="tests.CustomerListTest"/>
  <testcase name="delete_bulk_customer" time="88.53" classname="tests.CustomerListTest"/>
  <testcase name="delete_customer" time="21.964" classname="tests.CustomerListTest"/>
  <testcase name="delete_customer_using_account_number" time="44.74" classname="tests.CustomerListTest"/>
  <testcase name="validate_customer_details_using_account_number" time="3.008" classname="tests.CustomerListTest"/>
  <testcase name="verify_customer_count_with_same_firstname" time="6.865" classname="tests.CustomerListTest"/>
  <testcase name="verify_customer_count_with_same_lastname" time="7.152" classname="tests.CustomerListTest"/>
  <testcase name="verify_customer_count_with_same_postcode" time="8.119" classname="tests.CustomerListTest"/>
  <testcase name="open_customer_account" time="6.272" classname="tests.OpenAccountTest"/>
  <testcase name="verify_diff_currency_type_acc_details" time="6.671" classname="tests.OpenAccountTest"/>
</testsuite> <!-- Test -->
