<?xml version="1.0" encoding="UTF-8"?>
<testng-results skipped="0" failed="0" ignored="0" total="27" passed="27">
  <reporter-output>
  </reporter-output>
  <suite name="Suite" duration-ms="586299" started-at="2018-12-16T08:41:00Z" finished-at="2018-12-16T08:50:46Z">
    <groups>
    </groups>
    <test name="Test" duration-ms="586299" started-at="2018-12-16T08:41:00Z" finished-at="2018-12-16T08:50:46Z">
      <class name="tests.CustomerLoginTest">
        <test-method status="PASS" signature="open_browser()[pri:0, instance:tests.CustomerLoginTest@5b275dab]" name="open_browser" is-config="true" duration-ms="8234" started-at="2018-12-16T08:42:13Z" finished-at="2018-12-16T08:42:22Z">
          <reporter-output>
          </reporter-output>
        </test-method> <!-- open_browser -->
        <test-method status="PASS" signature="manager_login()[pri:0, instance:tests.CustomerLoginTest@5b275dab]" name="manager_login" is-config="true" duration-ms="1582" started-at="2018-12-16T08:42:22Z" finished-at="2018-12-16T08:42:23Z">
          <reporter-output>
          </reporter-output>
        </test-method> <!-- manager_login -->
        <test-method status="PASS" signature="Verify_open_account_message_by_customer_login()[pri:0, instance:tests.CustomerLoginTest@5b275dab]" name="Verify_open_account_message_by_customer_login" duration-ms="6455" started-at="2018-12-16T08:42:23Z" finished-at="2018-12-16T08:42:30Z">
          <reporter-output>
          </reporter-output>
        </test-method> <!-- Verify_open_account_message_by_customer_login -->
        <test-method status="PASS" signature="navigate_home_page()[pri:0, instance:tests.CustomerLoginTest@5b275dab]" name="navigate_home_page" is-config="true" duration-ms="367" started-at="2018-12-16T08:42:30Z" finished-at="2018-12-16T08:42:30Z">
          <reporter-output>
          </reporter-output>
        </test-method> <!-- navigate_home_page -->
        <test-method status="PASS" signature="manager_login()[pri:0, instance:tests.CustomerLoginTest@5b275dab]" name="manager_login" is-config="true" duration-ms="284" started-at="2018-12-16T08:42:30Z" finished-at="2018-12-16T08:42:30Z">
          <reporter-output>
          </reporter-output>
        </test-method> <!-- manager_login -->
        <test-method status="PASS" signature="verify_acc_details()[pri:0, instance:tests.CustomerLoginTest@5b275dab]" name="verify_acc_details" duration-ms="5018" started-at="2018-12-16T08:42:30Z" finished-at="2018-12-16T08:42:35Z">
          <reporter-output>
          </reporter-output>
        </test-method> <!-- verify_acc_details -->
        <test-method status="PASS" signature="navigate_home_page()[pri:0, instance:tests.CustomerLoginTest@5b275dab]" name="navigate_home_page" is-config="true" duration-ms="364" started-at="2018-12-16T08:42:35Z" finished-at="2018-12-16T08:42:36Z">
          <reporter-output>
          </reporter-output>
        </test-method> <!-- navigate_home_page -->
        <test-method status="PASS" signature="manager_login()[pri:0, instance:tests.CustomerLoginTest@5b275dab]" name="manager_login" is-config="true" duration-ms="293" started-at="2018-12-16T08:42:36Z" finished-at="2018-12-16T08:42:36Z">
          <reporter-output>
          </reporter-output>
        </test-method> <!-- manager_login -->
        <test-method status="PASS" signature="verify_customer_successful_login_message()[pri:0, instance:tests.CustomerLoginTest@5b275dab]" name="verify_customer_successful_login_message" duration-ms="4639" started-at="2018-12-16T08:42:36Z" finished-at="2018-12-16T08:42:41Z">
          <reporter-output>
          </reporter-output>
        </test-method> <!-- verify_customer_successful_login_message -->
        <test-method status="PASS" signature="navigate_home_page()[pri:0, instance:tests.CustomerLoginTest@5b275dab]" name="navigate_home_page" is-config="true" duration-ms="366" started-at="2018-12-16T08:42:41Z" finished-at="2018-12-16T08:42:41Z">
          <reporter-output>
          </reporter-output>
        </test-method> <!-- navigate_home_page -->
        <test-method status="PASS" signature="manager_login()[pri:0, instance:tests.CustomerLoginTest@5b275dab]" name="manager_login" is-config="true" duration-ms="293" started-at="2018-12-16T08:42:41Z" finished-at="2018-12-16T08:42:41Z">
          <reporter-output>
          </reporter-output>
        </test-method> <!-- manager_login -->
        <test-method status="PASS" signature="verify_diff_currency_type_acc_details()[pri:0, instance:tests.CustomerLoginTest@5b275dab]" name="verify_diff_currency_type_acc_details" duration-ms="10562" started-at="2018-12-16T08:42:41Z" finished-at="2018-12-16T08:42:52Z">
          <reporter-output>
          </reporter-output>
        </test-method> <!-- verify_diff_currency_type_acc_details -->
        <test-method status="PASS" signature="navigate_home_page()[pri:0, instance:tests.CustomerLoginTest@5b275dab]" name="navigate_home_page" is-config="true" duration-ms="375" started-at="2018-12-16T08:42:52Z" finished-at="2018-12-16T08:42:52Z">
          <reporter-output>
          </reporter-output>
        </test-method> <!-- navigate_home_page -->
        <test-method status="PASS" signature="manager_login()[pri:0, instance:tests.CustomerLoginTest@5b275dab]" name="manager_login" is-config="true" duration-ms="295" started-at="2018-12-16T08:42:52Z" finished-at="2018-12-16T08:42:53Z">
          <reporter-output>
          </reporter-output>
        </test-method> <!-- manager_login -->
        <test-method status="PASS" signature="verify_same_currency_type_acc_details()[pri:0, instance:tests.CustomerLoginTest@5b275dab]" name="verify_same_currency_type_acc_details" duration-ms="9080" started-at="2018-12-16T08:42:53Z" finished-at="2018-12-16T08:43:02Z">
          <reporter-output>
          </reporter-output>
        </test-method> <!-- verify_same_currency_type_acc_details -->
        <test-method status="PASS" signature="navigate_home_page()[pri:0, instance:tests.CustomerLoginTest@5b275dab]" name="navigate_home_page" is-config="true" duration-ms="377" started-at="2018-12-16T08:43:02Z" finished-at="2018-12-16T08:43:02Z">
          <reporter-output>
          </reporter-output>
        </test-method> <!-- navigate_home_page -->
        <test-method status="PASS" signature="quit_driver()[pri:0, instance:tests.CustomerLoginTest@5b275dab]" name="quit_driver" is-config="true" duration-ms="516" started-at="2018-12-16T08:43:02Z" finished-at="2018-12-16T08:43:03Z">
          <reporter-output>
          </reporter-output>
        </test-method> <!-- quit_driver -->
      </class> <!-- tests.CustomerLoginTest -->
      <class name="tests.OpenAccountTest">
        <test-method status="PASS" signature="open_browser()[pri:0, instance:tests.OpenAccountTest@5e5792a0]" name="open_browser" is-config="true" duration-ms="9410" started-at="2018-12-16T08:50:20Z" finished-at="2018-12-16T08:50:30Z">
          <reporter-output>
          </reporter-output>
        </test-method> <!-- open_browser -->
        <test-method status="PASS" signature="manager_login()[pri:0, instance:tests.OpenAccountTest@5e5792a0]" name="manager_login" is-config="true" duration-ms="2040" started-at="2018-12-16T08:50:30Z" finished-at="2018-12-16T08:50:32Z">
          <reporter-output>
          </reporter-output>
        </test-method> <!-- manager_login -->
        <test-method status="PASS" signature="open_customer_account()[pri:0, instance:tests.OpenAccountTest@5e5792a0]" name="open_customer_account" duration-ms="6329" started-at="2018-12-16T08:50:32Z" finished-at="2018-12-16T08:50:38Z">
          <reporter-output>
          </reporter-output>
        </test-method> <!-- open_customer_account -->
        <test-method status="PASS" signature="navigate_home_page()[pri:0, instance:tests.OpenAccountTest@5e5792a0]" name="navigate_home_page" is-config="true" duration-ms="184" started-at="2018-12-16T08:50:38Z" finished-at="2018-12-16T08:50:38Z">
          <reporter-output>
          </reporter-output>
        </test-method> <!-- navigate_home_page -->
        <test-method status="PASS" signature="manager_login()[pri:0, instance:tests.OpenAccountTest@5e5792a0]" name="manager_login" is-config="true" duration-ms="335" started-at="2018-12-16T08:50:38Z" finished-at="2018-12-16T08:50:39Z">
          <reporter-output>
          </reporter-output>
        </test-method> <!-- manager_login -->
        <test-method status="PASS" signature="verify_diff_currency_type_acc_details()[pri:0, instance:tests.OpenAccountTest@5e5792a0]" name="verify_diff_currency_type_acc_details" duration-ms="6736" started-at="2018-12-16T08:50:39Z" finished-at="2018-12-16T08:50:45Z">
          <reporter-output>
          </reporter-output>
        </test-method> <!-- verify_diff_currency_type_acc_details -->
        <test-method status="PASS" signature="navigate_home_page()[pri:0, instance:tests.OpenAccountTest@5e5792a0]" name="navigate_home_page" is-config="true" duration-ms="168" started-at="2018-12-16T08:50:45Z" finished-at="2018-12-16T08:50:46Z">
          <reporter-output>
          </reporter-output>
        </test-method> <!-- navigate_home_page -->
        <test-method status="PASS" signature="quit_driver()[pri:0, instance:tests.OpenAccountTest@5e5792a0]" name="quit_driver" is-config="true" duration-ms="512" started-at="2018-12-16T08:50:46Z" finished-at="2018-12-16T08:50:46Z">
          <reporter-output>
          </reporter-output>
        </test-method> <!-- quit_driver -->
      </class> <!-- tests.OpenAccountTest -->
      <class name="tests.AddCustomerTest">
        <test-method status="PASS" signature="open_browser()[pri:0, instance:tests.AddCustomerTest@29774679]" name="open_browser" is-config="true" duration-ms="8323" started-at="2018-12-16T08:46:36Z" finished-at="2018-12-16T08:46:45Z">
          <reporter-output>
          </reporter-output>
        </test-method> <!-- open_browser -->
        <test-method status="PASS" signature="manager_login()[pri:0, instance:tests.AddCustomerTest@29774679]" name="manager_login" is-config="true" duration-ms="1558" started-at="2018-12-16T08:46:45Z" finished-at="2018-12-16T08:46:46Z">
          <reporter-output>
          </reporter-output>
        </test-method> <!-- manager_login -->
        <test-method status="PASS" signature="add_customer()[pri:0, instance:tests.AddCustomerTest@29774679]" name="add_customer" duration-ms="4277" started-at="2018-12-16T08:46:46Z" finished-at="2018-12-16T08:46:50Z">
          <reporter-output>
          </reporter-output>
        </test-method> <!-- add_customer -->
        <test-method status="PASS" signature="navigate_home_page()[pri:0, instance:tests.AddCustomerTest@29774679]" name="navigate_home_page" is-config="true" duration-ms="161" started-at="2018-12-16T08:46:50Z" finished-at="2018-12-16T08:46:51Z">
          <reporter-output>
          </reporter-output>
        </test-method> <!-- navigate_home_page -->
        <test-method status="PASS" signature="manager_login()[pri:0, instance:tests.AddCustomerTest@29774679]" name="manager_login" is-config="true" duration-ms="289" started-at="2018-12-16T08:46:51Z" finished-at="2018-12-16T08:46:51Z">
          <reporter-output>
          </reporter-output>
        </test-method> <!-- manager_login -->
        <test-method status="PASS" signature="create_same_customer_with_diff_pincode()[pri:0, instance:tests.AddCustomerTest@29774679]" name="create_same_customer_with_diff_pincode" duration-ms="3589" started-at="2018-12-16T08:46:51Z" finished-at="2018-12-16T08:46:54Z">
          <reporter-output>
          </reporter-output>
        </test-method> <!-- create_same_customer_with_diff_pincode -->
        <test-method status="PASS" signature="navigate_home_page()[pri:0, instance:tests.AddCustomerTest@29774679]" name="navigate_home_page" is-config="true" duration-ms="156" started-at="2018-12-16T08:46:54Z" finished-at="2018-12-16T08:46:55Z">
          <reporter-output>
          </reporter-output>
        </test-method> <!-- navigate_home_page -->
        <test-method status="PASS" signature="manager_login()[pri:0, instance:tests.AddCustomerTest@29774679]" name="manager_login" is-config="true" duration-ms="291" started-at="2018-12-16T08:46:55Z" finished-at="2018-12-16T08:46:55Z">
          <reporter-output>
          </reporter-output>
        </test-method> <!-- manager_login -->
        <test-method status="PASS" signature="duplicate_customer_error_validation()[pri:0, instance:tests.AddCustomerTest@29774679]" name="duplicate_customer_error_validation" duration-ms="3254" started-at="2018-12-16T08:46:55Z" finished-at="2018-12-16T08:46:58Z">
          <reporter-output>
          </reporter-output>
        </test-method> <!-- duplicate_customer_error_validation -->
        <test-method status="PASS" signature="navigate_home_page()[pri:0, instance:tests.AddCustomerTest@29774679]" name="navigate_home_page" is-config="true" duration-ms="161" started-at="2018-12-16T08:46:58Z" finished-at="2018-12-16T08:46:58Z">
          <reporter-output>
          </reporter-output>
        </test-method> <!-- navigate_home_page -->
        <test-method status="PASS" signature="quit_driver()[pri:0, instance:tests.AddCustomerTest@29774679]" name="quit_driver" is-config="true" duration-ms="587" started-at="2018-12-16T08:46:58Z" finished-at="2018-12-16T08:46:59Z">
          <reporter-output>
          </reporter-output>
        </test-method> <!-- quit_driver -->
      </class> <!-- tests.AddCustomerTest -->
      <class name="tests.TransactionsTest">
        <test-method status="PASS" signature="open_browser()[pri:0, instance:tests.TransactionsTest@61832929]" name="open_browser" is-config="true" duration-ms="8306" started-at="2018-12-16T08:43:03Z" finished-at="2018-12-16T08:43:11Z">
          <reporter-output>
          </reporter-output>
        </test-method> <!-- open_browser -->
        <test-method status="PASS" signature="manager_login()[pri:0, instance:tests.TransactionsTest@61832929]" name="manager_login" is-config="true" duration-ms="1787" started-at="2018-12-16T08:43:11Z" finished-at="2018-12-16T08:43:13Z">
          <reporter-output>
          </reporter-output>
        </test-method> <!-- manager_login -->
        <test-method status="PASS" signature="verify_customer_account_transactions()[pri:0, instance:tests.TransactionsTest@61832929]" name="verify_customer_account_transactions" duration-ms="19985" started-at="2018-12-16T08:43:13Z" finished-at="2018-12-16T08:43:33Z">
          <reporter-output>
          </reporter-output>
        </test-method> <!-- verify_customer_account_transactions -->
        <test-method status="PASS" signature="navigate_home_page()[pri:0, instance:tests.TransactionsTest@61832929]" name="navigate_home_page" is-config="true" duration-ms="387" started-at="2018-12-16T08:43:33Z" finished-at="2018-12-16T08:43:33Z">
          <reporter-output>
          </reporter-output>
        </test-method> <!-- navigate_home_page -->
        <test-method status="PASS" signature="manager_login()[pri:0, instance:tests.TransactionsTest@61832929]" name="manager_login" is-config="true" duration-ms="301" started-at="2018-12-16T08:43:33Z" finished-at="2018-12-16T08:43:33Z">
          <reporter-output>
          </reporter-output>
        </test-method> <!-- manager_login -->
        <test-method status="PASS" signature="verify_deposit_withdraw_diff_currency_type_acc_details()[pri:0, instance:tests.TransactionsTest@61832929]" name="verify_deposit_withdraw_diff_currency_type_acc_details" duration-ms="29630" started-at="2018-12-16T08:43:33Z" finished-at="2018-12-16T08:44:03Z">
          <reporter-output>
          </reporter-output>
        </test-method> <!-- verify_deposit_withdraw_diff_currency_type_acc_details -->
        <test-method status="PASS" signature="navigate_home_page()[pri:0, instance:tests.TransactionsTest@61832929]" name="navigate_home_page" is-config="true" duration-ms="364" started-at="2018-12-16T08:44:03Z" finished-at="2018-12-16T08:44:03Z">
          <reporter-output>
          </reporter-output>
        </test-method> <!-- navigate_home_page -->
        <test-method status="PASS" signature="manager_login()[pri:0, instance:tests.TransactionsTest@61832929]" name="manager_login" is-config="true" duration-ms="290" started-at="2018-12-16T08:44:03Z" finished-at="2018-12-16T08:44:04Z">
          <reporter-output>
          </reporter-output>
        </test-method> <!-- manager_login -->
        <test-method status="PASS" signature="verify_reset_transactions()[pri:0, instance:tests.TransactionsTest@61832929]" name="verify_reset_transactions" duration-ms="97052" started-at="2018-12-16T08:44:04Z" finished-at="2018-12-16T08:45:41Z">
          <reporter-output>
          </reporter-output>
        </test-method> <!-- verify_reset_transactions -->
        <test-method status="PASS" signature="navigate_home_page()[pri:0, instance:tests.TransactionsTest@61832929]" name="navigate_home_page" is-config="true" duration-ms="406" started-at="2018-12-16T08:45:41Z" finished-at="2018-12-16T08:45:41Z">
          <reporter-output>
          </reporter-output>
        </test-method> <!-- navigate_home_page -->
        <test-method status="PASS" signature="manager_login()[pri:0, instance:tests.TransactionsTest@61832929]" name="manager_login" is-config="true" duration-ms="295" started-at="2018-12-16T08:45:41Z" finished-at="2018-12-16T08:45:41Z">
          <reporter-output>
          </reporter-output>
        </test-method> <!-- manager_login -->
        <test-method status="PASS" signature="verify_transactions_from_last_10_days()[pri:0, instance:tests.TransactionsTest@61832929]" name="verify_transactions_from_last_10_days" duration-ms="53731" started-at="2018-12-16T08:45:41Z" finished-at="2018-12-16T08:46:35Z">
          <reporter-output>
          </reporter-output>
        </test-method> <!-- verify_transactions_from_last_10_days -->
        <test-method status="PASS" signature="navigate_home_page()[pri:0, instance:tests.TransactionsTest@61832929]" name="navigate_home_page" is-config="true" duration-ms="433" started-at="2018-12-16T08:46:35Z" finished-at="2018-12-16T08:46:36Z">
          <reporter-output>
          </reporter-output>
        </test-method> <!-- navigate_home_page -->
        <test-method status="PASS" signature="quit_driver()[pri:0, instance:tests.TransactionsTest@61832929]" name="quit_driver" is-config="true" duration-ms="761" started-at="2018-12-16T08:46:36Z" finished-at="2018-12-16T08:46:36Z">
          <reporter-output>
          </reporter-output>
        </test-method> <!-- quit_driver -->
      </class> <!-- tests.TransactionsTest -->
      <class name="tests.CustomerListTest">
        <test-method status="PASS" signature="open_browser()[pri:0, instance:tests.CustomerListTest@3ffc5af1]" name="open_browser" is-config="true" duration-ms="8434" started-at="2018-12-16T08:46:59Z" finished-at="2018-12-16T08:47:07Z">
          <reporter-output>
          </reporter-output>
        </test-method> <!-- open_browser -->
        <test-method status="PASS" signature="manager_login()[pri:0, instance:tests.CustomerListTest@3ffc5af1]" name="manager_login" is-config="true" duration-ms="1873" started-at="2018-12-16T08:47:07Z" finished-at="2018-12-16T08:47:09Z">
          <reporter-output>
          </reporter-output>
        </test-method> <!-- manager_login -->
        <test-method status="PASS" signature="Create_customer()[pri:0, instance:tests.CustomerListTest@3ffc5af1]" name="Create_customer" duration-ms="4058" started-at="2018-12-16T08:47:09Z" finished-at="2018-12-16T08:47:13Z">
          <reporter-output>
          </reporter-output>
        </test-method> <!-- Create_customer -->
        <test-method status="PASS" signature="navigate_home_page()[pri:0, instance:tests.CustomerListTest@3ffc5af1]" name="navigate_home_page" is-config="true" duration-ms="167" started-at="2018-12-16T08:47:13Z" finished-at="2018-12-16T08:47:13Z">
          <reporter-output>
          </reporter-output>
        </test-method> <!-- navigate_home_page -->
        <test-method status="PASS" signature="manager_login()[pri:0, instance:tests.CustomerListTest@3ffc5af1]" name="manager_login" is-config="true" duration-ms="285" started-at="2018-12-16T08:47:13Z" finished-at="2018-12-16T08:47:14Z">
          <reporter-output>
          </reporter-output>
        </test-method> <!-- manager_login -->
        <test-method status="PASS" signature="delete_bulk_customer()[pri:0, instance:tests.CustomerListTest@3ffc5af1]" name="delete_bulk_customer" duration-ms="89127" started-at="2018-12-16T08:47:14Z" finished-at="2018-12-16T08:48:43Z">
          <reporter-output>
          </reporter-output>
        </test-method> <!-- delete_bulk_customer -->
        <test-method status="PASS" signature="navigate_home_page()[pri:0, instance:tests.CustomerListTest@3ffc5af1]" name="navigate_home_page" is-config="true" duration-ms="193" started-at="2018-12-16T08:48:43Z" finished-at="2018-12-16T08:48:43Z">
          <reporter-output>
          </reporter-output>
        </test-method> <!-- navigate_home_page -->
        <test-method status="PASS" signature="manager_login()[pri:0, instance:tests.CustomerListTest@3ffc5af1]" name="manager_login" is-config="true" duration-ms="303" started-at="2018-12-16T08:48:43Z" finished-at="2018-12-16T08:48:43Z">
          <reporter-output>
          </reporter-output>
        </test-method> <!-- manager_login -->
        <test-method status="PASS" signature="delete_customer()[pri:0, instance:tests.CustomerListTest@3ffc5af1]" name="delete_customer" duration-ms="22300" started-at="2018-12-16T08:48:43Z" finished-at="2018-12-16T08:49:06Z">
          <reporter-output>
          </reporter-output>
        </test-method> <!-- delete_customer -->
        <test-method status="PASS" signature="navigate_home_page()[pri:0, instance:tests.CustomerListTest@3ffc5af1]" name="navigate_home_page" is-config="true" duration-ms="202" started-at="2018-12-16T08:49:06Z" finished-at="2018-12-16T08:49:06Z">
          <reporter-output>
          </reporter-output>
        </test-method> <!-- navigate_home_page -->
        <test-method status="PASS" signature="manager_login()[pri:0, instance:tests.CustomerListTest@3ffc5af1]" name="manager_login" is-config="true" duration-ms="305" started-at="2018-12-16T08:49:06Z" finished-at="2018-12-16T08:49:06Z">
          <reporter-output>
          </reporter-output>
        </test-method> <!-- manager_login -->
        <test-method status="PASS" signature="delete_customer_using_account_number()[pri:0, instance:tests.CustomerListTest@3ffc5af1]" name="delete_customer_using_account_number" duration-ms="45344" started-at="2018-12-16T08:49:06Z" finished-at="2018-12-16T08:49:52Z">
          <reporter-output>
          </reporter-output>
        </test-method> <!-- delete_customer_using_account_number -->
        <test-method status="PASS" signature="navigate_home_page()[pri:0, instance:tests.CustomerListTest@3ffc5af1]" name="navigate_home_page" is-config="true" duration-ms="204" started-at="2018-12-16T08:49:52Z" finished-at="2018-12-16T08:49:52Z">
          <reporter-output>
          </reporter-output>
        </test-method> <!-- navigate_home_page -->
        <test-method status="PASS" signature="manager_login()[pri:0, instance:tests.CustomerListTest@3ffc5af1]" name="manager_login" is-config="true" duration-ms="308" started-at="2018-12-16T08:49:52Z" finished-at="2018-12-16T08:49:52Z">
          <reporter-output>
          </reporter-output>
        </test-method> <!-- manager_login -->
        <test-method status="PASS" signature="validate_customer_details_using_account_number()[pri:0, instance:tests.CustomerListTest@3ffc5af1]" name="validate_customer_details_using_account_number" duration-ms="3423" started-at="2018-12-16T08:49:52Z" finished-at="2018-12-16T08:49:55Z">
          <reporter-output>
          </reporter-output>
        </test-method> <!-- validate_customer_details_using_account_number -->
        <test-method status="PASS" signature="navigate_home_page()[pri:0, instance:tests.CustomerListTest@3ffc5af1]" name="navigate_home_page" is-config="true" duration-ms="173" started-at="2018-12-16T08:49:55Z" finished-at="2018-12-16T08:49:56Z">
          <reporter-output>
          </reporter-output>
        </test-method> <!-- navigate_home_page -->
        <test-method status="PASS" signature="manager_login()[pri:0, instance:tests.CustomerListTest@3ffc5af1]" name="manager_login" is-config="true" duration-ms="288" started-at="2018-12-16T08:49:56Z" finished-at="2018-12-16T08:49:56Z">
          <reporter-output>
          </reporter-output>
        </test-method> <!-- manager_login -->
        <test-method status="PASS" signature="verify_customer_count_with_same_firstname()[pri:0, instance:tests.CustomerListTest@3ffc5af1]" name="verify_customer_count_with_same_firstname" duration-ms="7378" started-at="2018-12-16T08:49:56Z" finished-at="2018-12-16T08:50:03Z">
          <reporter-output>
          </reporter-output>
        </test-method> <!-- verify_customer_count_with_same_firstname -->
        <test-method status="PASS" signature="navigate_home_page()[pri:0, instance:tests.CustomerListTest@3ffc5af1]" name="navigate_home_page" is-config="true" duration-ms="298" started-at="2018-12-16T08:50:03Z" finished-at="2018-12-16T08:50:04Z">
          <reporter-output>
          </reporter-output>
        </test-method> <!-- navigate_home_page -->
        <test-method status="PASS" signature="manager_login()[pri:0, instance:tests.CustomerListTest@3ffc5af1]" name="manager_login" is-config="true" duration-ms="311" started-at="2018-12-16T08:50:04Z" finished-at="2018-12-16T08:50:04Z">
          <reporter-output>
          </reporter-output>
        </test-method> <!-- manager_login -->
        <test-method status="PASS" signature="verify_customer_count_with_same_lastname()[pri:0, instance:tests.CustomerListTest@3ffc5af1]" name="verify_customer_count_with_same_lastname" duration-ms="7406" started-at="2018-12-16T08:50:04Z" finished-at="2018-12-16T08:50:11Z">
          <reporter-output>
          </reporter-output>
        </test-method> <!-- verify_customer_count_with_same_lastname -->
        <test-method status="PASS" signature="navigate_home_page()[pri:0, instance:tests.CustomerListTest@3ffc5af1]" name="navigate_home_page" is-config="true" duration-ms="185" started-at="2018-12-16T08:50:11Z" finished-at="2018-12-16T08:50:12Z">
          <reporter-output>
          </reporter-output>
        </test-method> <!-- navigate_home_page -->
        <test-method status="PASS" signature="manager_login()[pri:0, instance:tests.CustomerListTest@3ffc5af1]" name="manager_login" is-config="true" duration-ms="312" started-at="2018-12-16T08:50:12Z" finished-at="2018-12-16T08:50:12Z">
          <reporter-output>
          </reporter-output>
        </test-method> <!-- manager_login -->
        <test-method status="PASS" signature="verify_customer_count_with_same_postcode()[pri:0, instance:tests.CustomerListTest@3ffc5af1]" name="verify_customer_count_with_same_postcode" duration-ms="7630" started-at="2018-12-16T08:50:12Z" finished-at="2018-12-16T08:50:19Z">
          <reporter-output>
          </reporter-output>
        </test-method> <!-- verify_customer_count_with_same_postcode -->
        <test-method status="PASS" signature="navigate_home_page()[pri:0, instance:tests.CustomerListTest@3ffc5af1]" name="navigate_home_page" is-config="true" duration-ms="165" started-at="2018-12-16T08:50:19Z" finished-at="2018-12-16T08:50:20Z">
          <reporter-output>
          </reporter-output>
        </test-method> <!-- navigate_home_page -->
        <test-method status="PASS" signature="quit_driver()[pri:0, instance:tests.CustomerListTest@3ffc5af1]" name="quit_driver" is-config="true" duration-ms="751" started-at="2018-12-16T08:50:20Z" finished-at="2018-12-16T08:50:20Z">
          <reporter-output>
          </reporter-output>
        </test-method> <!-- quit_driver -->
      </class> <!-- tests.CustomerListTest -->
      <class name="tests.WithdrawTest">
        <test-method status="PASS" signature="open_browser()[pri:0, instance:tests.WithdrawTest@4501b7af]" name="open_browser" is-config="true" duration-ms="9431" started-at="2018-12-16T08:41:00Z" finished-at="2018-12-16T08:41:09Z">
          <reporter-output>
          </reporter-output>
        </test-method> <!-- open_browser -->
        <test-method status="PASS" signature="manager_login()[pri:0, instance:tests.WithdrawTest@4501b7af]" name="manager_login" is-config="true" duration-ms="2007" started-at="2018-12-16T08:41:09Z" finished-at="2018-12-16T08:41:11Z">
          <reporter-output>
          </reporter-output>
        </test-method> <!-- manager_login -->
        <test-method status="PASS" signature="verify_multiple_withdraw_successful()[pri:0, instance:tests.WithdrawTest@4501b7af]" name="verify_multiple_withdraw_successful" duration-ms="16734" started-at="2018-12-16T08:41:11Z" finished-at="2018-12-16T08:41:28Z">
          <reporter-output>
          </reporter-output>
        </test-method> <!-- verify_multiple_withdraw_successful -->
        <test-method status="PASS" signature="navigate_home_page()[pri:0, instance:tests.WithdrawTest@4501b7af]" name="navigate_home_page" is-config="true" duration-ms="382" started-at="2018-12-16T08:41:28Z" finished-at="2018-12-16T08:41:28Z">
          <reporter-output>
          </reporter-output>
        </test-method> <!-- navigate_home_page -->
        <test-method status="PASS" signature="manager_login()[pri:0, instance:tests.WithdrawTest@4501b7af]" name="manager_login" is-config="true" duration-ms="293" started-at="2018-12-16T08:41:28Z" finished-at="2018-12-16T08:41:29Z">
          <reporter-output>
          </reporter-output>
        </test-method> <!-- manager_login -->
        <test-method status="PASS" signature="verify_withdraw_error_message()[pri:0, instance:tests.WithdrawTest@4501b7af]" name="verify_withdraw_error_message" duration-ms="7388" started-at="2018-12-16T08:41:29Z" finished-at="2018-12-16T08:41:36Z">
          <reporter-output>
          </reporter-output>
        </test-method> <!-- verify_withdraw_error_message -->
        <test-method status="PASS" signature="navigate_home_page()[pri:0, instance:tests.WithdrawTest@4501b7af]" name="navigate_home_page" is-config="true" duration-ms="362" started-at="2018-12-16T08:41:36Z" finished-at="2018-12-16T08:41:36Z">
          <reporter-output>
          </reporter-output>
        </test-method> <!-- navigate_home_page -->
        <test-method status="PASS" signature="manager_login()[pri:0, instance:tests.WithdrawTest@4501b7af]" name="manager_login" is-config="true" duration-ms="333" started-at="2018-12-16T08:41:36Z" finished-at="2018-12-16T08:41:37Z">
          <reporter-output>
          </reporter-output>
        </test-method> <!-- manager_login -->
        <test-method status="PASS" signature="verify_withdraw_successful()[pri:0, instance:tests.WithdrawTest@4501b7af]" name="verify_withdraw_successful" duration-ms="7172" started-at="2018-12-16T08:41:37Z" finished-at="2018-12-16T08:41:44Z">
          <reporter-output>
          </reporter-output>
        </test-method> <!-- verify_withdraw_successful -->
        <test-method status="PASS" signature="navigate_home_page()[pri:0, instance:tests.WithdrawTest@4501b7af]" name="navigate_home_page" is-config="true" duration-ms="418" started-at="2018-12-16T08:41:44Z" finished-at="2018-12-16T08:41:44Z">
          <reporter-output>
          </reporter-output>
        </test-method> <!-- navigate_home_page -->
        <test-method status="PASS" signature="quit_driver()[pri:0, instance:tests.WithdrawTest@4501b7af]" name="quit_driver" is-config="true" duration-ms="616" started-at="2018-12-16T08:41:44Z" finished-at="2018-12-16T08:41:45Z">
          <reporter-output>
          </reporter-output>
        </test-method> <!-- quit_driver -->
      </class> <!-- tests.WithdrawTest -->
      <class name="tests.DepositTest">
        <test-method status="PASS" signature="open_browser()[pri:0, instance:tests.DepositTest@523884b2]" name="open_browser" is-config="true" duration-ms="8170" started-at="2018-12-16T08:41:45Z" finished-at="2018-12-16T08:41:53Z">
          <reporter-output>
          </reporter-output>
        </test-method> <!-- open_browser -->
        <test-method status="PASS" signature="manager_login()[pri:0, instance:tests.DepositTest@523884b2]" name="manager_login" is-config="true" duration-ms="1804" started-at="2018-12-16T08:41:53Z" finished-at="2018-12-16T08:41:55Z">
          <reporter-output>
          </reporter-output>
        </test-method> <!-- manager_login -->
        <test-method status="PASS" signature="verify_deposit_successful()[pri:0, instance:tests.DepositTest@523884b2]" name="verify_deposit_successful" duration-ms="9343" started-at="2018-12-16T08:41:55Z" finished-at="2018-12-16T08:42:04Z">
          <reporter-output>
          </reporter-output>
        </test-method> <!-- verify_deposit_successful -->
        <test-method status="PASS" signature="navigate_home_page()[pri:0, instance:tests.DepositTest@523884b2]" name="navigate_home_page" is-config="true" duration-ms="375" started-at="2018-12-16T08:42:04Z" finished-at="2018-12-16T08:42:05Z">
          <reporter-output>
          </reporter-output>
        </test-method> <!-- navigate_home_page -->
        <test-method status="PASS" signature="manager_login()[pri:0, instance:tests.DepositTest@523884b2]" name="manager_login" is-config="true" duration-ms="299" started-at="2018-12-16T08:42:05Z" finished-at="2018-12-16T08:42:05Z">
          <reporter-output>
          </reporter-output>
        </test-method> <!-- manager_login -->
        <test-method status="PASS" signature="verify_multiple_deposit_successful()[pri:0, instance:tests.DepositTest@523884b2]" name="verify_multiple_deposit_successful" duration-ms="7355" started-at="2018-12-16T08:42:05Z" finished-at="2018-12-16T08:42:12Z">
          <reporter-output>
          </reporter-output>
        </test-method> <!-- verify_multiple_deposit_successful -->
        <test-method status="PASS" signature="navigate_home_page()[pri:0, instance:tests.DepositTest@523884b2]" name="navigate_home_page" is-config="true" duration-ms="476" started-at="2018-12-16T08:42:12Z" finished-at="2018-12-16T08:42:13Z">
          <reporter-output>
          </reporter-output>
        </test-method> <!-- navigate_home_page -->
        <test-method status="PASS" signature="quit_driver()[pri:0, instance:tests.DepositTest@523884b2]" name="quit_driver" is-config="true" duration-ms="684" started-at="2018-12-16T08:42:13Z" finished-at="2018-12-16T08:42:13Z">
          <reporter-output>
          </reporter-output>
        </test-method> <!-- quit_driver -->
      </class> <!-- tests.DepositTest -->
    </test> <!-- Test -->
  </suite> <!-- Suite -->
</testng-results>
